2025-11-04T10:08:56.504  <Info> phidget22 : 
	******************************  Logging Enabled  ******************************
	* Phidget22 - Version 1.23 - Built Oct  6 2025 09:10:07                       *
	* Release 1.23.20251006 - Windows (x64)                                       *
	*******************************************************************************
2025-11-04T10:08:56.510  <Info> phidget22usb[AttachUSBDevice()] : Attaching Phidget | Path: \\?\usb#vid_06c2&pid_0047#750253#{ddc0b225-2263-4835-aa6e-55f8b77788fe} | PDO Name: \Device\USBPDO-20 | Hub Port: 2
2025-11-04T10:08:56.530  <Info> phidget22[deviceAttach()] : (Attach) HUB0007 (1-Port USB VINT Hub Phidget) v102 S/N:750253
2025-11-04T10:08:56.538  <Info> phidget22[deviceAttach()] : (Attach) ENC1001 (Quadrature Encoder Phidget) v100 -> HUB0007 Port:0 S/N:750253
2025-11-04T10:08:56.542  <Info> phidget22[PhidgetUSBReadThreadFunction()] : HUB0007 (1-Port USB VINT Hub Phidget) v102 S/N:750253: USB read thread started: 0x0000703c
2025-11-04T10:08:56.544  <Info> phidget22vint[PhidgetHubDevice_setPortMode()] : Setting Port: 0 mode to VINT on HUB0007 (1-Port USB VINT Hub Phidget) v102 S/N:750253
2025-11-04T10:10:50.865  <Info> phidget22 : 
	******************************  Logging Enabled  ******************************
	* Phidget22 - Version 1.23 - Built Oct  6 2025 09:10:07                       *
	* Release 1.23.20251006 - Windows (x64)                                       *
	*******************************************************************************
2025-11-04T10:10:50.871  <Info> phidget22usb[AttachUSBDevice()] : Attaching Phidget | Path: \\?\usb#vid_06c2&pid_0047#750253#{ddc0b225-2263-4835-aa6e-55f8b77788fe} | PDO Name: \Device\USBPDO-20 | Hub Port: 2
2025-11-04T10:10:50.891  <Info> phidget22[deviceAttach()] : (Attach) HUB0007 (1-Port USB VINT Hub Phidget) v102 S/N:750253
2025-11-04T10:10:50.900  <Info> phidget22[deviceAttach()] : (Attach) ENC1001 (Quadrature Encoder Phidget) v100 -> HUB0007 Port:0 S/N:750253
2025-11-04T10:10:50.904  <Info> phidget22[PhidgetUSBReadThreadFunction()] : HUB0007 (1-Port USB VINT Hub Phidget) v102 S/N:750253: USB read thread started: 0x00008e08
2025-11-04T10:10:50.905  <Info> phidget22vint[PhidgetHubDevice_setPortMode()] : Setting Port: 0 mode to VINT on HUB0007 (1-Port USB VINT Hub Phidget) v102 S/N:750253
2025-11-04T10:12:31.255  <Info> phidget22 : 
	******************************  Logging Enabled  ******************************
	* Phidget22 - Version 1.23 - Built Oct  6 2025 09:10:07                       *
	* Release 1.23.20251006 - Windows (x64)                                       *
	*******************************************************************************
2025-11-04T10:12:31.262  <Info> phidget22usb[AttachUSBDevice()] : Attaching Phidget | Path: \\?\usb#vid_06c2&pid_0047#750253#{ddc0b225-2263-4835-aa6e-55f8b77788fe} | PDO Name: \Device\USBPDO-20 | Hub Port: 2
2025-11-04T10:12:31.282  <Info> phidget22[deviceAttach()] : (Attach) HUB0007 (1-Port USB VINT Hub Phidget) v102 S/N:750253
2025-11-04T10:12:31.291  <Info> phidget22[deviceAttach()] : (Attach) ENC1001 (Quadrature Encoder Phidget) v100 -> HUB0007 Port:0 S/N:750253
2025-11-04T10:12:31.296  <Info> phidget22[PhidgetUSBReadThreadFunction()] : HUB0007 (1-Port USB VINT Hub Phidget) v102 S/N:750253: USB read thread started: 0x00002954
2025-11-04T10:12:31.297  <Info> phidget22vint[PhidgetHubDevice_setPortMode()] : Setting Port: 0 mode to VINT on HUB0007 (1-Port USB VINT Hub Phidget) v102 S/N:750253
