2025-11-04T10:18:06.712  <Info> phidget22 : 
	******************************  Logging Enabled  ******************************
	* Phidget22 - Version 1.23 - Built Oct  6 2025 09:10:07                       *
	* Release 1.23.20251006 - Windows (x64)                                       *
	*******************************************************************************
2025-11-04T10:18:06.721  <Info> phidget22usb[AttachUSBDevice()] : Attaching Phidget | Path: \\?\usb#vid_06c2&pid_0047#750253#{ddc0b225-2263-4835-aa6e-55f8b77788fe} | PDO Name: \Device\USBPDO-20 | Hub Port: 2
2025-11-04T10:18:06.742  <Info> phidget22[deviceAttach()] : (Attach) HUB0007 (1-Port USB VINT Hub Phidget) v102 S/N:750253
2025-11-04T10:18:06.751  <Info> phidget22[deviceAttach()] : (Attach) ENC1001 (Quadrature Encoder Phidget) v100 -> HUB0007 Port:0 S/N:750253
2025-11-04T10:18:06.755  <Info> phidget22[PhidgetUSBReadThreadFunction()] : HUB0007 (1-Port USB VINT Hub Phidget) v102 S/N:750253: USB read thread started: 0x00001330
2025-11-04T10:18:06.756  <Info> phidget22vint[PhidgetHubDevice_setPortMode()] : Setting Port: 0 mode to VINT on HUB0007 (1-Port USB VINT Hub Phidget) v102 S/N:750253
2025-11-04T10:19:28.511  <Info> phidget22vint[PhidgetHubDevice_setPortMode()] : Setting Port: 0 mode to VINT on HUB0007 (1-Port USB VINT Hub Phidget) v102 S/N:750253
2025-11-04T10:19:28.516  <Info> phidget22[PhidgetUSBReadThreadFunction()] : HUB0007 (1-Port USB VINT Hub Phidget) v102 S/N:750253: ReadThread exiting normally (signaled by Phidget_close)
2025-11-04T10:19:28.519  <Info> phidget22usb[PhidgetUSBCloseHandle()] : Closing USB Device: 0x9c0
2025-11-04T10:21:04.493  <Info> phidget22 : 
	******************************  Logging Enabled  ******************************
	* Phidget22 - Version 1.23 - Built Oct  6 2025 09:10:07                       *
	* Release 1.23.20251006 - Windows (x64)                                       *
	*******************************************************************************
2025-11-04T10:21:04.499  <Info> phidget22usb[AttachUSBDevice()] : Attaching Phidget | Path: \\?\usb#vid_06c2&pid_0047#750253#{ddc0b225-2263-4835-aa6e-55f8b77788fe} | PDO Name: \Device\USBPDO-20 | Hub Port: 2
2025-11-04T10:21:04.519  <Info> phidget22[deviceAttach()] : (Attach) HUB0007 (1-Port USB VINT Hub Phidget) v102 S/N:750253
2025-11-04T10:21:04.528  <Info> phidget22[deviceAttach()] : (Attach) ENC1001 (Quadrature Encoder Phidget) v100 -> HUB0007 Port:0 S/N:750253
2025-11-04T10:21:04.532  <Info> phidget22[PhidgetUSBReadThreadFunction()] : HUB0007 (1-Port USB VINT Hub Phidget) v102 S/N:750253: USB read thread started: 0x000043fc
2025-11-04T10:21:04.534  <Info> phidget22vint[PhidgetHubDevice_setPortMode()] : Setting Port: 0 mode to VINT on HUB0007 (1-Port USB VINT Hub Phidget) v102 S/N:750253
2025-11-04T10:21:16.236  <Info> phidget22vint[PhidgetHubDevice_setPortMode()] : Setting Port: 0 mode to VINT on HUB0007 (1-Port USB VINT Hub Phidget) v102 S/N:750253
2025-11-04T10:21:16.240  <Info> phidget22[PhidgetUSBReadThreadFunction()] : HUB0007 (1-Port USB VINT Hub Phidget) v102 S/N:750253: ReadThread exiting normally (signaled by Phidget_close)
2025-11-04T10:21:16.242  <Info> phidget22usb[PhidgetUSBCloseHandle()] : Closing USB Device: 0x998
